<?xml version="1.0" encoding="UTF-8"?>
<!-- Generated by org.testng.reporters.JUnitReportReporter -->
<testsuite hostname="AHM-L-SohanK" failures="0" tests="1" name="eBanking.testCases.TC_AddNewCustomer" time="18.430" errors="0" timestamp="2022-02-26T15:16:25 IST" skipped="0">
  <testcase classname="eBanking.testCases.TC_AddNewCustomer" name="addCustomerTest" time="18.430"/>
  <system-out/>
</testsuite> <!-- eBanking.testCases.TC_AddNewCustomer -->
