<?xml version="1.0" encoding="UTF-8"?>
<!-- Generated by org.testng.reporters.JUnitReportReporter -->
<testsuite hostname="AHM-L-SohanK" failures="0" tests="4" name="eBanking.testCases.TC_LoginDDT_001" time="30.520" errors="0" timestamp="2022-03-24T13:34:19 IST" skipped="0">
  <testcase classname="eBanking.testCases.TC_LoginDDT_001" name="loginDDT" time="10.264"/>
  <system-out/>
  <testcase classname="eBanking.testCases.TC_LoginDDT_001" name="loginDDT" time="11.561"/>
  <system-out/>
  <testcase classname="eBanking.testCases.TC_LoginDDT_001" name="loginDDT" time="4.247"/>
  <system-out/>
  <testcase classname="eBanking.testCases.TC_LoginDDT_001" name="loginDDT" time="4.448"/>
  <system-out/>
</testsuite> <!-- eBanking.testCases.TC_LoginDDT_001 -->
