<?xml version="1.0" encoding="UTF-8"?>
<!-- Generated by org.testng.reporters.JUnitReportReporter -->
<testsuite hostname="AHM-L-SohanK" failures="0" tests="4" name="eBanking.testCases.TC_LoginDDT_001" time="21.876" errors="0" timestamp="2022-03-14T17:55:23 IST" skipped="0">
  <testcase classname="eBanking.testCases.TC_LoginDDT_001" name="loginDDT" time="4.836"/>
  <system-out/>
  <testcase classname="eBanking.testCases.TC_LoginDDT_001" name="loginDDT" time="5.111"/>
  <system-out/>
  <testcase classname="eBanking.testCases.TC_LoginDDT_001" name="loginDDT" time="4.843"/>
  <system-out/>
  <testcase classname="eBanking.testCases.TC_LoginDDT_001" name="loginDDT" time="7.086"/>
  <system-out/>
</testsuite> <!-- eBanking.testCases.TC_LoginDDT_001 -->
