<?xml version="1.0" encoding="UTF-8"?>
<!-- Generated by org.testng.reporters.JUnitReportReporter -->
<testsuite hostname="AHM-L-SohanK" failures="0" tests="1" name="eBanking.testCases.TC_AddNewCustomer" time="20.192" errors="0" timestamp="2022-03-13T18:40:56 IST" skipped="0">
  <testcase classname="eBanking.testCases.TC_AddNewCustomer" name="addCustomerTest" time="20.192"/>
  <system-out/>
</testsuite> <!-- eBanking.testCases.TC_AddNewCustomer -->
