<?xml version="1.0" encoding="UTF-8"?>
<!-- Generated by org.testng.reporters.JUnitReportReporter -->
<testsuite hostname="AHM-L-SohanK" failures="0" tests="1" name="eBanking.testCases.TC_LoginTest" time="16.827" errors="0" timestamp="2022-03-24T13:36:49 IST" skipped="0">
  <testcase classname="eBanking.testCases.TC_LoginTest" name="loginTest" time="16.827"/>
  <system-out/>
</testsuite> <!-- eBanking.testCases.TC_LoginTest -->
