<?xml version="1.0" encoding="UTF-8"?>
<!-- Generated by org.testng.reporters.JUnitReportReporter -->
<testsuite skipped="0" hostname="AHM-L-SohanK" name="eBanking.testCases.TC_LoginTest" tests="1" failures="0" timestamp="2022-03-24T13:22:14 IST" time="5.875" errors="0">
  <testcase name="loginTest" time="5.875" classname="eBanking.testCases.TC_LoginTest"/>
  <system-out/>
</testsuite> <!-- eBanking.testCases.TC_LoginTest -->
