<?xml version="1.0" encoding="UTF-8"?>
<!-- Generated by org.testng.reporters.JUnitReportReporter -->
<testsuite skipped="0" hostname="AHM-L-SohanK" name="eBanking.testCases.TC_LoginTest" tests="1" failures="0" timestamp="2022-03-05T13:44:20 IST" time="6.395" errors="0">
  <testcase name="loginTest" time="6.395" classname="eBanking.testCases.TC_LoginTest"/>
  <system-out/>
</testsuite> <!-- eBanking.testCases.TC_LoginTest -->
