<?xml version="1.0" encoding="UTF-8"?>
<!-- Generated by org.testng.reporters.JUnitReportReporter -->
<testsuite hostname="AHM-L-SohanK" failures="0" tests="1" name="eBanking.testCases.TC_LoginTest" time="4.780" errors="0" timestamp="2022-04-01T15:06:19 IST" skipped="0">
  <testcase classname="eBanking.testCases.TC_LoginTest" name="loginTest" time="4.780"/>
  <system-out/>
</testsuite> <!-- eBanking.testCases.TC_LoginTest -->
