<?xml version="1.0" encoding="UTF-8"?>
<!-- Generated by org.testng.reporters.JUnitReportReporter -->
<testsuite hostname="AHM-L-SohanK" failures="0" tests="1" name="eBanking.testCases.TC_AddNewCustomer" time="13.982" errors="0" timestamp="2022-04-04T20:42:51 IST" skipped="0">
  <testcase classname="eBanking.testCases.TC_AddNewCustomer" name="addCustomerTest" time="13.982"/>
  <system-out/>
</testsuite> <!-- eBanking.testCases.TC_AddNewCustomer -->
