<?xml version="1.0" encoding="UTF-8"?>
<!-- Generated by org.testng.reporters.JUnitReportReporter -->
<testsuite skipped="0" hostname="AHM-L-SohanK" name="eBanking.testCases.TC_LoginDDT_001" tests="4" failures="0" timestamp="2022-03-24T13:22:14 IST" time="16.664" errors="0">
  <testcase name="loginDDT" time="3.989" classname="eBanking.testCases.TC_LoginDDT_001"/>
  <system-out/>
  <testcase name="loginDDT" time="5.082" classname="eBanking.testCases.TC_LoginDDT_001"/>
  <system-out/>
  <testcase name="loginDDT" time="4.024" classname="eBanking.testCases.TC_LoginDDT_001"/>
  <system-out/>
  <testcase name="loginDDT" time="3.569" classname="eBanking.testCases.TC_LoginDDT_001"/>
  <system-out/>
</testsuite> <!-- eBanking.testCases.TC_LoginDDT_001 -->
