<?xml version="1.0" encoding="UTF-8"?>
<!-- Generated by org.testng.reporters.JUnitReportReporter -->
<testsuite skipped="0" hostname="AHM-L-SohanK" name="eBanking.testCases.TC_AddNewCustomer" tests="1" failures="0" timestamp="2022-03-24T13:22:14 IST" time="23.954" errors="0">
  <testcase name="addCustomerTest" time="23.954" classname="eBanking.testCases.TC_AddNewCustomer"/>
  <system-out/>
</testsuite> <!-- eBanking.testCases.TC_AddNewCustomer -->
