<?xml version="1.0" encoding="UTF-8"?>
<!-- Generated by org.testng.reporters.JUnitReportReporter -->
<testsuite hostname="AHM-L-SohanK" failures="0" tests="4" name="eBanking.testCases.TC_LoginDDT_001" time="17.078" errors="0" timestamp="2022-03-13T18:48:53 IST" skipped="0">
  <testcase classname="eBanking.testCases.TC_LoginDDT_001" name="loginDDT" time="5.849"/>
  <system-out/>
  <testcase classname="eBanking.testCases.TC_LoginDDT_001" name="loginDDT" time="3.856"/>
  <system-out/>
  <testcase classname="eBanking.testCases.TC_LoginDDT_001" name="loginDDT" time="3.961"/>
  <system-out/>
  <testcase classname="eBanking.testCases.TC_LoginDDT_001" name="loginDDT" time="3.412"/>
  <system-out/>
</testsuite> <!-- eBanking.testCases.TC_LoginDDT_001 -->
